<?xml version="1.0" encoding="UTF-8"?>
<testng-results ignored="0" total="0" passed="0" failed="0" skipped="0">
  <reporter-output>
  </reporter-output>
  <suite started-at="2023-11-24T17:27:13 IST" name="Default suite" finished-at="2023-11-24T17:27:31 IST" duration-ms="17888">
    <groups>
    </groups>
    <test started-at="2023-11-24T17:27:13 IST" name="Default test" finished-at="2023-11-24T17:27:31 IST" duration-ms="17888">
      <class name="com.Login.pack.Baseclsss">
        <test-method is-config="true" signature="LaunchBrowser()[pri:0, instance:com.Login.pack.Baseclsss@34123d65]" started-at="2023-11-24T17:27:13 IST" name="LaunchBrowser" finished-at="2023-11-24T17:27:30 IST" duration-ms="17691" status="PASS">
          <reporter-output>
          </reporter-output>
        </test-method> <!-- LaunchBrowser -->
        <test-method is-config="true" signature="Teardown()[pri:0, instance:com.Login.pack.Baseclsss@34123d65]" started-at="2023-11-24T17:27:31 IST" name="Teardown" finished-at="2023-11-24T17:27:31 IST" duration-ms="181" status="PASS">
          <reporter-output>
          </reporter-output>
        </test-method> <!-- Teardown -->
      </class> <!-- com.Login.pack.Baseclsss -->
    </test> <!-- Default test -->
  </suite> <!-- Default suite -->
</testng-results>
